<?xml version="1.0" encoding="UTF-8"?>
<testsuite xmlns:xsi="http://www.w3.org/2001/XMLSchema-instance" xsi:noNamespaceSchemaLocation="https://maven.apache.org/surefire/maven-surefire-plugin/xsd/surefire-test-report-3.0.xsd" version="3.0" name="com.repopilot.platform.auth.AuthFlowTest" time="10.328" tests="2" errors="0" skipped="0" failures="0">
  <properties>
[...]
</properties>
  <testcase name="registerLoginAndAccessProtectedEndpoint" classname="com.repopilot.platform.auth.AuthFlowTest" time="1.43">
    <system-out><![CDATA[09:59:02.201 [main] INFO org.springframework.test.context.support.AnnotationConfigContextLoaderUtils -- Could not detect default configuration classes for test class [com.repopilot.platform.auth.AuthFlowTest]: AuthFlowTest does not declare any static, non-private, non-final, nested classes annotated with @Configuration.
09:59:02.296 [main] INFO org.springframework.boot.test.context.SpringBootTestContextBootstrapper -- Found @SpringBootConfiguration com.repopilot.platform.auth.AuthApplication for test class com.repopilot.platform.auth.AuthFlowTest

  .   ____          _            __ _ _
 /\\ / ___'_ __ _ _(_)_ __  __ _ \ \ \ \
( ( )\___ | '_ | '_| | '_ \/ _` | \ \ \ \
 \\/  ___)| |_)| | | | | || (_| |  ) ) ) )
  '  |____| .__|_| |_|_| |_\__, | / / / /
 =========|_|==============|___/=/_/_/_/
 :: Spring Boot ::                (v3.2.5)

2026-08-17T09:59:02.683+08:00  INFO 3116 --- [           main] c.repopilot.platform.auth.AuthFlowTest   : Starting AuthFlowTest using Java 17.0.14 with PID 3116 (started by 20526 in D:\code\RepoPilot\java-platform\auth-service)
2026-08-17T09:59:02.684+08:00  INFO 3116 --- [           main] c.repopilot.platform.auth.AuthFlowTest   : No active profile set, falling back to 1 default profile: "default"
2026-08-17T09:59:03.315+08:00  INFO 3116 --- [           main] .s.d.r.c.RepositoryConfigurationDelegate : Bootstrapping Spring Data JPA repositories in DEFAULT mode.
2026-08-17T09:59:03.369+08:00  INFO 3116 --- [           main] .s.d.r.c.RepositoryConfigurationDelegate : Finished Spring Data repository scanning in 44 ms. Found 1 JPA repository interface.
2026-08-17T09:59:03.892+08:00  INFO 3116 --- [           main] o.hibernate.jpa.internal.util.LogHelper  : HHH000204: Processing PersistenceUnitInfo [name: default]
2026-08-17T09:59:04.018+08:00  INFO 3116 --- [           main] org.hibernate.Version                    : HHH000412: Hibernate ORM core version 6.4.4.Final
2026-08-17T09:59:04.071+08:00  INFO 3116 --- [           main] o.h.c.internal.RegionFactoryInitiator    : HHH000026: Second-level cache disabled
2026-08-17T09:59:04.333+08:00  INFO 3116 --- [           main] o.s.o.j.p.SpringPersistenceUnitInfo      : No LoadTimeWeaver setup: ignoring JPA class transformer
2026-08-17T09:59:04.356+08:00  INFO 3116 --- [           main] com.zaxxer.hikari.HikariDataSource       : HikariPool-1 - Starting...
2026-08-17T09:59:04.486+08:00  INFO 3116 --- [           main] com.zaxxer.hikari.pool.HikariPool        : HikariPool-1 - Added connection conn0: url=jdbc:h2:mem:repopilot user=SA
2026-08-17T09:59:04.488+08:00  INFO 3116 --- [           main] com.zaxxer.hikari.HikariDataSource       : HikariPool-1 - Start completed.
2026-08-17T09:59:05.659+08:00  INFO 3116 --- [           main] o.h.e.t.j.p.i.JtaPlatformInitiator       : HHH000489: No JTA platform available (set 'hibernate.transaction.jta.platform' to enable JTA platform integration)
2026-08-17T09:59:05.701+08:00  INFO 3116 --- [           main] j.LocalContainerEntityManagerFactoryBean : Initialized JPA EntityManagerFactory for persistence unit 'default'
2026-08-17T09:59:07.874+08:00  WARN 3116 --- [           main] .s.s.UserDetailsServiceAutoConfiguration : 

Using generated security password: 10461065-c8e7-4fec-94c7-5ac90cb38687

This generated password is for development use only. Your security configuration must be updated before running your application in production.

2026-08-17T09:59:09.156+08:00  INFO 3116 --- [           main] o.s.s.web.DefaultSecurityFilterChain     : Will secure any request with [org.springframework.security.web.session.DisableEncodeUrlFilter@5fb05c07, org.springframework.security.web.context.request.async.WebAsyncManagerIntegrationFilter@238c63df, org.springframework.security.web.context.SecurityContextHolderFilter@70ca8e72, org.springframework.security.web.header.HeaderWriterFilter@35bf6dba, org.springframework.web.filter.CorsFilter@192b76a4, org.springframework.security.web.authentication.logout.LogoutFilter@61e34bec, com.repopilot.platform.auth.security.JwtAuthenticationFilter@3f22ce2a, org.springframework.security.web.savedrequest.RequestCacheAwareFilter@2821da0a, org.springframework.security.web.servletapi.SecurityContextHolderAwareRequestFilter@2ae07dbd, org.springframework.security.web.authentication.AnonymousAuthenticationFilter@6d96a895, org.springframework.security.web.session.SessionManagementFilter@2c8c42c, org.springframework.security.web.access.ExceptionTranslationFilter@5cd2adc7, org.springframework.security.web.access.intercept.AuthorizationFilter@6de2344a]
2026-08-17T09:59:10.634+08:00  INFO 3116 --- [           main] o.s.b.t.m.w.SpringBootMockServletContext : Initializing Spring TestDispatcherServlet ''
2026-08-17T09:59:10.634+08:00  INFO 3116 --- [           main] o.s.t.web.servlet.TestDispatcherServlet  : Initializing Servlet ''
2026-08-17T09:59:10.635+08:00  INFO 3116 --- [           main] o.s.t.web.servlet.TestDispatcherServlet  : Completed initialization in 1 ms
2026-08-17T09:59:10.684+08:00  INFO 3116 --- [           main] c.repopilot.platform.auth.AuthFlowTest   : Started AuthFlowTest in 8.247 seconds (process running for 9.03)
]]></system-out>
  </testcase>
  <testcase name="loginRejectsWrongPassword" classname="com.repopilot.platform.auth.AuthFlowTest" time="0.205"/>
</testsuite>